0 silly argv {
0 silly argv   _: [ 'add' ],
0 silly argv   globs: [],
0 silly argv   lernaVersion: '3.22.1',
0 silly argv   '$0': '..\\..\\..\\AppData\\Roaming\\npm\\node_modules\\lerna\\cli.js',
0 silly argv   pkg: '.'
0 silly argv }
1 notice cli v3.22.1
2 verbose rootPath C:\Users\Wesley\Desktop\Projects\journalify
3 error TypeError: Invalid comparator: C:\Users\Wesley\Desktop\Projects\journalify
3 error     at Comparator.parse (C:\Users\Wesley\AppData\Roaming\npm\node_modules\lerna\node_modules\semver\semver.js:794:11)
3 error     at new Comparator (C:\Users\Wesley\AppData\Roaming\npm\node_modules\lerna\node_modules\semver\semver.js:777:8)
3 error     at Range.<anonymous> (C:\Users\Wesley\AppData\Roaming\npm\node_modules\lerna\node_modules\semver\semver.js:975:12)
3 error     at Array.map (<anonymous>)
3 error     at Range.parseRange (C:\Users\Wesley\AppData\Roaming\npm\node_modules\lerna\node_modules\semver\semver.js:974:13)
3 error     at Range.<anonymous> (C:\Users\Wesley\AppData\Roaming\npm\node_modules\lerna\node_modules\semver\semver.js:917:17)
3 error     at Array.map (<anonymous>)
3 error     at new Range (C:\Users\Wesley\AppData\Roaming\npm\node_modules\lerna\node_modules\semver\semver.js:916:40)
3 error     at Function.intersects (C:\Users\Wesley\AppData\Roaming\npm\node_modules\lerna\node_modules\semver\semver.js:1542:8)
3 error     at getRangeToReference (C:\Users\Wesley\AppData\Roaming\npm\node_modules\lerna\node_modules\@lerna\add\lib\get-range-to-reference.js:18:35)
3 error     at C:\Users\Wesley\AppData\Roaming\npm\node_modules\lerna\node_modules\@lerna\add\index.js:152:14
3 error     at Array.filter (<anonymous>)
3 error     at AddCommand.collectPackagesToChange (C:\Users\Wesley\AppData\Roaming\npm\node_modules\lerna\node_modules\@lerna\add\index.js:144:21)
